<?xml version="1.0" encoding="UTF-8" ?>
<testsuite tests="11" failures="4" name="net.librec.data.model.ArffDataModelTestCase" time="0.193" errors="0"
           skipped="0">
    <properties>
        <property name="java.runtime.name" value="Java(TM) SE Runtime Environment"/>
        <property name="sun.boot.library.path" value="C:\Program Files\Java\jdk1.8.0_191\jre\bin"/>
        <property name="java.vm.version" value="25.191-b12"/>
        <property name="java.vm.vendor" value="Oracle Corporation"/>
        <property name="maven.multiModuleProjectDirectory" value="D:\Document\Git\librec"/>
        <property name="java.vendor.url" value="http://java.oracle.com/"/>
        <property name="path.separator" value=";"/>
        <property name="guice.disable.misplaced.annotation.check" value="true"/>
        <property name="java.vm.name" value="Java HotSpot(TM) 64-Bit Server VM"/>
        <property name="file.encoding.pkg" value="sun.io"/>
        <property name="user.script" value=""/>
        <property name="user.country" value="CN"/>
        <property name="sun.java.launcher" value="SUN_STANDARD"/>
        <property name="sun.os.patch.level" value=""/>
        <property name="java.vm.specification.name" value="Java Virtual Machine Specification"/>
        <property name="user.dir" value="D:\Document\Git\librec"/>
        <property name="java.runtime.version" value="1.8.0_191-b12"/>
        <property name="java.awt.graphicsenv" value="sun.awt.Win32GraphicsEnvironment"/>
        <property name="java.endorsed.dirs" value="C:\Program Files\Java\jdk1.8.0_191\jre\lib\endorsed"/>
        <property name="os.arch" value="amd64"/>
        <property name="java.io.tmpdir" value="C:\Users\LuZhong\AppData\Local\Temp\"/>
        <property name="line.separator" value="
"/>
        <property name="java.vm.specification.vendor" value="Oracle Corporation"/>
        <property name="user.variant" value=""/>
        <property name="os.name" value="Windows 10"/>
        <property name="classworlds.conf" value="D:\Software\apache-maven-3.6.0\bin\..\bin\m2.conf"/>
        <property name="sun.jnu.encoding" value="GBK"/>
        <property name="java.library.path"
                  value="C:\Program Files\Java\jdk1.8.0_191\bin;C:\Windows\Sun\Java\bin;C:\Windows\system32;C:\Windows;C:\Program Files (x86)\Common Files\Oracle\Java\javapath;C:\Program Files (x86)\Intel\Intel(R) Management Engine Components\iCLS\;C:\Program Files\Intel\Intel(R) Management Engine Components\iCLS\;C:\Windows\system32;C:\Windows;C:\Windows\System32\Wbem;C:\Windows\System32\WindowsPowerShell\v1.0\;C:\Windows\System32\OpenSSH\;C:\Program Files (x86)\Intel\Intel(R) Management Engine Components\DAL;C:\Program Files\Intel\Intel(R) Management Engine Components\DAL;C:\Program Files (x86)\Intel\Intel(R) Management Engine Components\IPT;C:\Program Files\Intel\Intel(R) Management Engine Components\IPT;C:\Program Files\Intel\WiFi\bin\;C:\Program Files\Common Files\Intel\WirelessCommon\;C:\Program Files (x86)\NVIDIA Corporation\PhysX\Common;C:\Program Files\nodejs\;D:\Software\Git\cmd;D:\Software\TortoiseSVN\bin;D:\Software\Anaconda3;D:\Software\Anaconda3\Library\mingw-w64\bin;D:\Software\Anaconda3\Library\usr\bin;D:\Software\Anaconda3\Library\bin;D:\Software\Anaconda3\Scripts;C:\Users\LuZhong\AppData\Local\Microsoft\WindowsApps;C:\Users\LuZhong\AppData\Roaming\npm;C:\Users\LuZhong\AppData\Local\GitHubDesktop\bin;D:\Software\IntelliJ IDEA 2018.3\bin;;D:\Software\Microsoft VS Code\bin;C:\Program Files\Bandizip\;C:\Users\LuZhong\AppData\Local\hyper\app-2.0.0\resources\bin;D:\Software\PyCharm 2018.3.1\bin;;D:\Software\erl10.2;D:\Software\RabbitMQ\rabbitmq_server-3.7.9\sbin;;D:\Software\apache-maven-3.6.0\bin;C:\Program Files\Java\jdk1.8.0_191\bin;C:\Program Files\Java\jdk1.8.0_191\jre\bin;D:\Software\MariaDB\bin;C:\Program Files (x86)\Tesseract-OCR;D:\Software\spark-2.4.0-bin-hadoop2.7\bin;D:\Software\elasticsearch-6.6.0\bin;D:\Software\hadoop-3.2.0\bin;D:\Software\Anaconda3\Lib;."/>
        <property name="maven.conf" value="D:\Software\apache-maven-3.6.0\bin\../conf"/>
        <property name="java.specification.name" value="Java Platform API Specification"/>
        <property name="java.class.version" value="52.0"/>
        <property name="sun.management.compiler" value="HotSpot 64-Bit Tiered Compilers"/>
        <property name="os.version" value="10.0"/>
        <property name="library.jansi.path" value="D:\Software\apache-maven-3.6.0\bin\..\lib\jansi-native"/>
        <property name="user.home" value="C:\Users\LuZhong"/>
        <property name="user.timezone" value="Asia/Shanghai"/>
        <property name="java.awt.printerjob" value="sun.awt.windows.WPrinterJob"/>
        <property name="java.specification.version" value="1.8"/>
        <property name="file.encoding" value="GBK"/>
        <property name="user.name" value="LuZhong"/>
        <property name="java.class.path"
                  value="D:\Software\apache-maven-3.6.0\bin\..\boot\plexus-classworlds-2.5.2.jar"/>
        <property name="java.vm.specification.version" value="1.8"/>
        <property name="sun.arch.data.model" value="64"/>
        <property name="java.home" value="C:\Program Files\Java\jdk1.8.0_191\jre"/>
        <property name="sun.java.command"
                  value="org.codehaus.plexus.classworlds.launcher.Launcher install -Dmaven.test=False"/>
        <property name="java.specification.vendor" value="Oracle Corporation"/>
        <property name="user.language" value="zh"/>
        <property name="awt.toolkit" value="sun.awt.windows.WToolkit"/>
        <property name="java.vm.info" value="mixed mode"/>
        <property name="java.version" value="1.8.0_191"/>
        <property name="java.ext.dirs"
                  value="C:\Program Files\Java\jdk1.8.0_191\jre\lib\ext;C:\Windows\Sun\Java\lib\ext"/>
        <property name="maven.test" value="False"/>
        <property name="sun.boot.class.path"
                  value="C:\Program Files\Java\jdk1.8.0_191\jre\lib\resources.jar;C:\Program Files\Java\jdk1.8.0_191\jre\lib\rt.jar;C:\Program Files\Java\jdk1.8.0_191\jre\lib\sunrsasign.jar;C:\Program Files\Java\jdk1.8.0_191\jre\lib\jsse.jar;C:\Program Files\Java\jdk1.8.0_191\jre\lib\jce.jar;C:\Program Files\Java\jdk1.8.0_191\jre\lib\charsets.jar;C:\Program Files\Java\jdk1.8.0_191\jre\lib\jfr.jar;C:\Program Files\Java\jdk1.8.0_191\jre\classes"/>
        <property name="sun.stderr.encoding" value="ms936"/>
        <property name="java.vendor" value="Oracle Corporation"/>
        <property name="maven.home" value="D:\Software\apache-maven-3.6.0\bin\.."/>
        <property name="file.separator" value="\"/>
        <property name="java.vendor.url.bug" value="http://bugreport.sun.com/bugreport/"/>
        <property name="sun.cpu.endian" value="little"/>
        <property name="sun.io.unicode.encoding" value="UnicodeLittle"/>
        <property name="sun.stdout.encoding" value="ms936"/>
        <property name="sun.desktop" value="windows"/>
        <property name="sun.cpu.isalist" value="amd64"/>
    </properties>
    <testcase classname="net.librec.data.model.ArffDataModelTestCase" name="test01ReadFile" time="0.001">
        <failure message="expected:&lt;5&gt; but was:&lt;6&gt;" type="java.lang.AssertionError">
            java.lang.AssertionError: expected:&lt;5&gt; but was:&lt;6&gt;
            at org.junit.Assert.fail(Assert.java:88)
            at org.junit.Assert.failNotEquals(Assert.java:834)
            at org.junit.Assert.assertEquals(Assert.java:645)
            at org.junit.Assert.assertEquals(Assert.java:631)
            at net.librec.data.model.ArffDataModelTestCase.test01ReadFile(ArffDataModelTestCase.java:64)
            at sun.reflect.NativeMethodAccessorImpl.invoke0(Native Method)
            at sun.reflect.NativeMethodAccessorImpl.invoke(NativeMethodAccessorImpl.java:62)
            at sun.reflect.DelegatingMethodAccessorImpl.invoke(DelegatingMethodAccessorImpl.java:43)
            at java.lang.reflect.Method.invoke(Method.java:498)
            at org.junit.runners.model.FrameworkMethod$1.runReflectiveCall(FrameworkMethod.java:50)
            at org.junit.internal.runners.model.ReflectiveCallable.run(ReflectiveCallable.java:12)
            at org.junit.runners.model.FrameworkMethod.invokeExplosively(FrameworkMethod.java:47)
            at org.junit.internal.runners.statements.InvokeMethod.evaluate(InvokeMethod.java:17)
            at org.junit.internal.runners.statements.RunBefores.evaluate(RunBefores.java:26)
            at org.junit.internal.runners.statements.RunAfters.evaluate(RunAfters.java:27)
            at org.junit.runners.ParentRunner.runLeaf(ParentRunner.java:325)
            at org.junit.runners.BlockJUnit4ClassRunner.runChild(BlockJUnit4ClassRunner.java:78)
            at org.junit.runners.BlockJUnit4ClassRunner.runChild(BlockJUnit4ClassRunner.java:57)
            at org.junit.runners.ParentRunner$3.run(ParentRunner.java:290)
            at org.junit.runners.ParentRunner$1.schedule(ParentRunner.java:71)
            at org.junit.runners.ParentRunner.runChildren(ParentRunner.java:288)
            at org.junit.runners.ParentRunner.access$000(ParentRunner.java:58)
            at org.junit.runners.ParentRunner$2.evaluate(ParentRunner.java:268)
            at org.junit.runners.ParentRunner.run(ParentRunner.java:363)
            at org.apache.maven.surefire.junit4.JUnit4Provider.execute(JUnit4Provider.java:252)
            at org.apache.maven.surefire.junit4.JUnit4Provider.executeTestSet(JUnit4Provider.java:141)
            at org.apache.maven.surefire.junit4.JUnit4Provider.invoke(JUnit4Provider.java:112)
            at sun.reflect.NativeMethodAccessorImpl.invoke0(Native Method)
            at sun.reflect.NativeMethodAccessorImpl.invoke(NativeMethodAccessorImpl.java:62)
            at sun.reflect.DelegatingMethodAccessorImpl.invoke(DelegatingMethodAccessorImpl.java:43)
            at java.lang.reflect.Method.invoke(Method.java:498)
            at org.apache.maven.surefire.util.ReflectionUtils.invokeMethodWithArray(ReflectionUtils.java:189)
            at org.apache.maven.surefire.booter.ProviderFactory$ProviderProxy.invoke(ProviderFactory.java:165)
            at org.apache.maven.surefire.booter.ProviderFactory.invokeProvider(ProviderFactory.java:85)
            at org.apache.maven.surefire.booter.ForkedBooter.runSuitesInProcess(ForkedBooter.java:115)
            at org.apache.maven.surefire.booter.ForkedBooter.main(ForkedBooter.java:75)
        </failure>
        <system-err>19/03/01 13:45:26 INFO ArffDataModel: Transform data to Convertor successfully!
            19/03/01 13:45:26 INFO ArffDataConvertor: Dataset: [../data/test/arfftest/data.arff]
            19/03/01 13:45:26 INFO ArffDataModel: Split data to train Set and test Set successfully!
            19/03/01 13:45:26 INFO ArffDataModel: Data cardinality of training is 8
            19/03/01 13:45:26 INFO ArffDataModel: Data cardinality of testing is 2
        </system-err>
    </testcase>
    <testcase classname="net.librec.data.model.ArffDataModelTestCase" name="test02ReadDir" time="0.008">
        <failure message="expected:&lt;5&gt; but was:&lt;6&gt;" type="java.lang.AssertionError">
            java.lang.AssertionError: expected:&lt;5&gt; but was:&lt;6&gt;
            at org.junit.Assert.fail(Assert.java:88)
            at org.junit.Assert.failNotEquals(Assert.java:834)
            at org.junit.Assert.assertEquals(Assert.java:645)
            at org.junit.Assert.assertEquals(Assert.java:631)
            at net.librec.data.model.ArffDataModelTestCase.test02ReadDir(ArffDataModelTestCase.java:79)
            at sun.reflect.NativeMethodAccessorImpl.invoke0(Native Method)
            at sun.reflect.NativeMethodAccessorImpl.invoke(NativeMethodAccessorImpl.java:62)
            at sun.reflect.DelegatingMethodAccessorImpl.invoke(DelegatingMethodAccessorImpl.java:43)
            at java.lang.reflect.Method.invoke(Method.java:498)
            at org.junit.runners.model.FrameworkMethod$1.runReflectiveCall(FrameworkMethod.java:50)
            at org.junit.internal.runners.model.ReflectiveCallable.run(ReflectiveCallable.java:12)
            at org.junit.runners.model.FrameworkMethod.invokeExplosively(FrameworkMethod.java:47)
            at org.junit.internal.runners.statements.InvokeMethod.evaluate(InvokeMethod.java:17)
            at org.junit.internal.runners.statements.RunBefores.evaluate(RunBefores.java:26)
            at org.junit.internal.runners.statements.RunAfters.evaluate(RunAfters.java:27)
            at org.junit.runners.ParentRunner.runLeaf(ParentRunner.java:325)
            at org.junit.runners.BlockJUnit4ClassRunner.runChild(BlockJUnit4ClassRunner.java:78)
            at org.junit.runners.BlockJUnit4ClassRunner.runChild(BlockJUnit4ClassRunner.java:57)
            at org.junit.runners.ParentRunner$3.run(ParentRunner.java:290)
            at org.junit.runners.ParentRunner$1.schedule(ParentRunner.java:71)
            at org.junit.runners.ParentRunner.runChildren(ParentRunner.java:288)
            at org.junit.runners.ParentRunner.access$000(ParentRunner.java:58)
            at org.junit.runners.ParentRunner$2.evaluate(ParentRunner.java:268)
            at org.junit.runners.ParentRunner.run(ParentRunner.java:363)
            at org.apache.maven.surefire.junit4.JUnit4Provider.execute(JUnit4Provider.java:252)
            at org.apache.maven.surefire.junit4.JUnit4Provider.executeTestSet(JUnit4Provider.java:141)
            at org.apache.maven.surefire.junit4.JUnit4Provider.invoke(JUnit4Provider.java:112)
            at sun.reflect.NativeMethodAccessorImpl.invoke0(Native Method)
            at sun.reflect.NativeMethodAccessorImpl.invoke(NativeMethodAccessorImpl.java:62)
            at sun.reflect.DelegatingMethodAccessorImpl.invoke(DelegatingMethodAccessorImpl.java:43)
            at java.lang.reflect.Method.invoke(Method.java:498)
            at org.apache.maven.surefire.util.ReflectionUtils.invokeMethodWithArray(ReflectionUtils.java:189)
            at org.apache.maven.surefire.booter.ProviderFactory$ProviderProxy.invoke(ProviderFactory.java:165)
            at org.apache.maven.surefire.booter.ProviderFactory.invokeProvider(ProviderFactory.java:85)
            at org.apache.maven.surefire.booter.ForkedBooter.runSuitesInProcess(ForkedBooter.java:115)
            at org.apache.maven.surefire.booter.ForkedBooter.main(ForkedBooter.java:75)
        </failure>
        <system-err>19/03/01 13:45:26 INFO ArffDataModel: Transform data to Convertor successfully!
            19/03/01 13:45:26 INFO ArffDataConvertor: Dataset: [../data/test/arfftest]
            19/03/01 13:45:26 INFO ArffDataModel: Split data to train Set and test Set successfully!
            19/03/01 13:45:26 INFO ArffDataModel: Data cardinality of training is 11
            19/03/01 13:45:26 INFO ArffDataModel: Data cardinality of testing is 4
        </system-err>
    </testcase>
    <testcase classname="net.librec.data.model.ArffDataModelTestCase" name="test03RatingRatio" time="0.037"/>
    <testcase classname="net.librec.data.model.ArffDataModelTestCase" name="test04UserRatio" time="0.022"/>
    <testcase classname="net.librec.data.model.ArffDataModelTestCase" name="test05ItemRatio" time="0.018">
        <failure type="java.lang.AssertionError">java.lang.AssertionError
            at org.junit.Assert.fail(Assert.java:86)
            at org.junit.Assert.assertTrue(Assert.java:41)
            at org.junit.Assert.assertTrue(Assert.java:52)
            at net.librec.data.model.ArffDataModelTestCase.test05ItemRatio(ArffDataModelTestCase.java:143)
            at sun.reflect.NativeMethodAccessorImpl.invoke0(Native Method)
            at sun.reflect.NativeMethodAccessorImpl.invoke(NativeMethodAccessorImpl.java:62)
            at sun.reflect.DelegatingMethodAccessorImpl.invoke(DelegatingMethodAccessorImpl.java:43)
            at java.lang.reflect.Method.invoke(Method.java:498)
            at org.junit.runners.model.FrameworkMethod$1.runReflectiveCall(FrameworkMethod.java:50)
            at org.junit.internal.runners.model.ReflectiveCallable.run(ReflectiveCallable.java:12)
            at org.junit.runners.model.FrameworkMethod.invokeExplosively(FrameworkMethod.java:47)
            at org.junit.internal.runners.statements.InvokeMethod.evaluate(InvokeMethod.java:17)
            at org.junit.internal.runners.statements.RunBefores.evaluate(RunBefores.java:26)
            at org.junit.internal.runners.statements.RunAfters.evaluate(RunAfters.java:27)
            at org.junit.runners.ParentRunner.runLeaf(ParentRunner.java:325)
            at org.junit.runners.BlockJUnit4ClassRunner.runChild(BlockJUnit4ClassRunner.java:78)
            at org.junit.runners.BlockJUnit4ClassRunner.runChild(BlockJUnit4ClassRunner.java:57)
            at org.junit.runners.ParentRunner$3.run(ParentRunner.java:290)
            at org.junit.runners.ParentRunner$1.schedule(ParentRunner.java:71)
            at org.junit.runners.ParentRunner.runChildren(ParentRunner.java:288)
            at org.junit.runners.ParentRunner.access$000(ParentRunner.java:58)
            at org.junit.runners.ParentRunner$2.evaluate(ParentRunner.java:268)
            at org.junit.runners.ParentRunner.run(ParentRunner.java:363)
            at org.apache.maven.surefire.junit4.JUnit4Provider.execute(JUnit4Provider.java:252)
            at org.apache.maven.surefire.junit4.JUnit4Provider.executeTestSet(JUnit4Provider.java:141)
            at org.apache.maven.surefire.junit4.JUnit4Provider.invoke(JUnit4Provider.java:112)
            at sun.reflect.NativeMethodAccessorImpl.invoke0(Native Method)
            at sun.reflect.NativeMethodAccessorImpl.invoke(NativeMethodAccessorImpl.java:62)
            at sun.reflect.DelegatingMethodAccessorImpl.invoke(DelegatingMethodAccessorImpl.java:43)
            at java.lang.reflect.Method.invoke(Method.java:498)
            at org.apache.maven.surefire.util.ReflectionUtils.invokeMethodWithArray(ReflectionUtils.java:189)
            at org.apache.maven.surefire.booter.ProviderFactory$ProviderProxy.invoke(ProviderFactory.java:165)
            at org.apache.maven.surefire.booter.ProviderFactory.invokeProvider(ProviderFactory.java:85)
            at org.apache.maven.surefire.booter.ForkedBooter.runSuitesInProcess(ForkedBooter.java:115)
            at org.apache.maven.surefire.booter.ForkedBooter.main(ForkedBooter.java:75)
        </failure>
        <system-err>19/03/01 13:45:26 INFO ArffDataModel: Transform data to Convertor successfully!
            19/03/01 13:45:26 INFO ArffDataConvertor: Dataset: [../data/test/hfttest/musical_instruments.arff]
            19/03/01 13:45:26 INFO ArffDataModel: Split data to train Set and test Set successfully!
            19/03/01 13:45:26 INFO ArffDataModel: Data cardinality of training is 276
            19/03/01 13:45:26 INFO ArffDataModel: Data cardinality of testing is 79
        </system-err>
    </testcase>
    <testcase classname="net.librec.data.model.ArffDataModelTestCase" name="test06ValidRatio" time="0.023">
        <failure type="java.lang.AssertionError">java.lang.AssertionError
            at org.junit.Assert.fail(Assert.java:86)
            at org.junit.Assert.assertTrue(Assert.java:41)
            at org.junit.Assert.assertTrue(Assert.java:52)
            at net.librec.data.model.ArffDataModelTestCase.test06ValidRatio(ArffDataModelTestCase.java:166)
            at sun.reflect.NativeMethodAccessorImpl.invoke0(Native Method)
            at sun.reflect.NativeMethodAccessorImpl.invoke(NativeMethodAccessorImpl.java:62)
            at sun.reflect.DelegatingMethodAccessorImpl.invoke(DelegatingMethodAccessorImpl.java:43)
            at java.lang.reflect.Method.invoke(Method.java:498)
            at org.junit.runners.model.FrameworkMethod$1.runReflectiveCall(FrameworkMethod.java:50)
            at org.junit.internal.runners.model.ReflectiveCallable.run(ReflectiveCallable.java:12)
            at org.junit.runners.model.FrameworkMethod.invokeExplosively(FrameworkMethod.java:47)
            at org.junit.internal.runners.statements.InvokeMethod.evaluate(InvokeMethod.java:17)
            at org.junit.internal.runners.statements.RunBefores.evaluate(RunBefores.java:26)
            at org.junit.internal.runners.statements.RunAfters.evaluate(RunAfters.java:27)
            at org.junit.runners.ParentRunner.runLeaf(ParentRunner.java:325)
            at org.junit.runners.BlockJUnit4ClassRunner.runChild(BlockJUnit4ClassRunner.java:78)
            at org.junit.runners.BlockJUnit4ClassRunner.runChild(BlockJUnit4ClassRunner.java:57)
            at org.junit.runners.ParentRunner$3.run(ParentRunner.java:290)
            at org.junit.runners.ParentRunner$1.schedule(ParentRunner.java:71)
            at org.junit.runners.ParentRunner.runChildren(ParentRunner.java:288)
            at org.junit.runners.ParentRunner.access$000(ParentRunner.java:58)
            at org.junit.runners.ParentRunner$2.evaluate(ParentRunner.java:268)
            at org.junit.runners.ParentRunner.run(ParentRunner.java:363)
            at org.apache.maven.surefire.junit4.JUnit4Provider.execute(JUnit4Provider.java:252)
            at org.apache.maven.surefire.junit4.JUnit4Provider.executeTestSet(JUnit4Provider.java:141)
            at org.apache.maven.surefire.junit4.JUnit4Provider.invoke(JUnit4Provider.java:112)
            at sun.reflect.NativeMethodAccessorImpl.invoke0(Native Method)
            at sun.reflect.NativeMethodAccessorImpl.invoke(NativeMethodAccessorImpl.java:62)
            at sun.reflect.DelegatingMethodAccessorImpl.invoke(DelegatingMethodAccessorImpl.java:43)
            at java.lang.reflect.Method.invoke(Method.java:498)
            at org.apache.maven.surefire.util.ReflectionUtils.invokeMethodWithArray(ReflectionUtils.java:189)
            at org.apache.maven.surefire.booter.ProviderFactory$ProviderProxy.invoke(ProviderFactory.java:165)
            at org.apache.maven.surefire.booter.ProviderFactory.invokeProvider(ProviderFactory.java:85)
            at org.apache.maven.surefire.booter.ForkedBooter.runSuitesInProcess(ForkedBooter.java:115)
            at org.apache.maven.surefire.booter.ForkedBooter.main(ForkedBooter.java:75)
        </failure>
        <system-err>19/03/01 13:45:26 INFO ArffDataModel: Transform data to Convertor successfully!
            19/03/01 13:45:26 INFO ArffDataConvertor: Dataset: [../data/test/hfttest/musical_instruments.arff]
            19/03/01 13:45:26 INFO ArffDataModel: Split data to train Set and test Set successfully!
            19/03/01 13:45:26 INFO ArffDataModel: Data cardinality of training is 187
            19/03/01 13:45:26 INFO ArffDataModel: Data cardinality of testing is 71
        </system-err>
    </testcase>
    <testcase classname="net.librec.data.model.ArffDataModelTestCase" name="test07KCV" time="0.049"/>
    <testcase classname="net.librec.data.model.ArffDataModelTestCase" name="test08LOOByUser" time="0.006"/>
    <testcase classname="net.librec.data.model.ArffDataModelTestCase" name="test09LOOByItem" time="0.008"/>
    <testcase classname="net.librec.data.model.ArffDataModelTestCase" name="test10GivenNByUser" time="0.019"/>
    <testcase classname="net.librec.data.model.ArffDataModelTestCase" name="test11GivenNByItem" time="0.002"/>
</testsuite>