<?xml version="1.0" encoding="UTF-8" ?>
<testsuite tests="11" failures="4" name="net.librec.data.model.ArffDataModelTestCase" time="0.193" errors="0"
           skipped="0">
    <properties>
[...]
</properties>
    <testcase classname="net.librec.data.model.ArffDataModelTestCase" name="test01ReadFile" time="0.001">
        <failure message="expected:&lt;5&gt; but was:&lt;6&gt;" type="java.lang.AssertionError">
            java.lang.AssertionError: expected:&lt;5&gt; but was:&lt;6&gt;
            at org.junit.Assert.fail(Assert.java:88)
            at org.junit.Assert.failNotEquals(Assert.java:834)
            at org.junit.Assert.assertEquals(Assert.java:645)
            at org.junit.Assert.assertEquals(Assert.java:631)
            at net.librec.data.model.ArffDataModelTestCase.test01ReadFile(ArffDataModelTestCase.java:64)
            at sun.reflect.NativeMethodAccessorImpl.invoke0(Native Method)
            at sun.reflect.NativeMethodAccessorImpl.invoke(NativeMethodAccessorImpl.java:62)
            at sun.reflect.DelegatingMethodAccessorImpl.invoke(DelegatingMethodAccessorImpl.java:43)
            at java.lang.reflect.Method.invoke(Method.java:498)
            at org.junit.runners.model.FrameworkMethod$1.runReflectiveCall(FrameworkMethod.java:50)
            at org.junit.internal.runners.model.ReflectiveCallable.run(ReflectiveCallable.java:12)
            at org.junit.runners.model.FrameworkMethod.invokeExplosively(FrameworkMethod.java:47)
            at org.junit.internal.runners.statements.InvokeMethod.evaluate(InvokeMethod.java:17)
            at org.junit.internal.runners.statements.RunBefores.evaluate(RunBefores.java:26)
            at org.junit.internal.runners.statements.RunAfters.evaluate(RunAfters.java:27)
            at org.junit.runners.ParentRunner.runLeaf(ParentRunner.java:325)
            at org.junit.runners.BlockJUnit4ClassRunner.runChild(BlockJUnit4ClassRunner.java:78)
            at org.junit.runners.BlockJUnit4ClassRunner.runChild(BlockJUnit4ClassRunner.java:57)
            at org.junit.runners.ParentRunner$3.run(ParentRunner.java:290)
            at org.junit.runners.ParentRunner$1.schedule(ParentRunner.java:71)
            at org.junit.runners.ParentRunner.runChildren(ParentRunner.java:288)
            at org.junit.runners.ParentRunner.access$000(ParentRunner.java:58)
            at org.junit.runners.ParentRunner$2.evaluate(ParentRunner.java:268)
            at org.junit.runners.ParentRunner.run(ParentRunner.java:363)
            at org.apache.maven.surefire.junit4.JUnit4Provider.execute(JUnit4Provider.java:252)
            at org.apache.maven.surefire.junit4.JUnit4Provider.executeTestSet(JUnit4Provider.java:141)
            at org.apache.maven.surefire.junit4.JUnit4Provider.invoke(JUnit4Provider.java:112)
            at sun.reflect.NativeMethodAccessorImpl.invoke0(Native Method)
            at sun.reflect.NativeMethodAccessorImpl.invoke(NativeMethodAccessorImpl.java:62)
            at sun.reflect.DelegatingMethodAccessorImpl.invoke(DelegatingMethodAccessorImpl.java:43)
            at java.lang.reflect.Method.invoke(Method.java:498)
            at org.apache.maven.surefire.util.ReflectionUtils.invokeMethodWithArray(ReflectionUtils.java:189)
            at org.apache.maven.surefire.booter.ProviderFactory$ProviderProxy.invoke(ProviderFactory.java:165)
            at org.apache.maven.surefire.booter.ProviderFactory.invokeProvider(ProviderFactory.java:85)
            at org.apache.maven.surefire.booter.ForkedBooter.runSuitesInProcess(ForkedBooter.java:115)
            at org.apache.maven.surefire.booter.ForkedBooter.main(ForkedBooter.java:75)
        </failure>
        <system-err>19/03/01 13:45:26 INFO ArffDataModel: Transform data to Convertor successfully!
            19/03/01 13:45:26 INFO ArffDataConvertor: Dataset: [../data/test/arfftest/data.arff]
            19/03/01 13:45:26 INFO ArffDataModel: Split data to train Set and test Set successfully!
            19/03/01 13:45:26 INFO ArffDataModel: Data cardinality of training is 8
            19/03/01 13:45:26 INFO ArffDataModel: Data cardinality of testing is 2
        </system-err>
    </testcase>
    <testcase classname="net.librec.data.model.ArffDataModelTestCase" name="test02ReadDir" time="0.008">
        <failure message="expected:&lt;5&gt; but was:&lt;6&gt;" type="java.lang.AssertionError">
            java.lang.AssertionError: expected:&lt;5&gt; but was:&lt;6&gt;
            at org.junit.Assert.fail(Assert.java:88)
            at org.junit.Assert.failNotEquals(Assert.java:834)
            at org.junit.Assert.assertEquals(Assert.java:645)
            at org.junit.Assert.assertEquals(Assert.java:631)
            at net.librec.data.model.ArffDataModelTestCase.test02ReadDir(ArffDataModelTestCase.java:79)
            at sun.reflect.NativeMethodAccessorImpl.invoke0(Native Method)
            at sun.reflect.NativeMethodAccessorImpl.invoke(NativeMethodAccessorImpl.java:62)
            at sun.reflect.DelegatingMethodAccessorImpl.invoke(DelegatingMethodAccessorImpl.java:43)
            at java.lang.reflect.Method.invoke(Method.java:498)
            at org.junit.runners.model.FrameworkMethod$1.runReflectiveCall(FrameworkMethod.java:50)
            at org.junit.internal.runners.model.ReflectiveCallable.run(ReflectiveCallable.java:12)
            at org.junit.runners.model.FrameworkMethod.invokeExplosively(FrameworkMethod.java:47)
            at org.junit.internal.runners.statements.InvokeMethod.evaluate(InvokeMethod.java:17)
            at org.junit.internal.runners.statements.RunBefores.evaluate(RunBefores.java:26)
            at org.junit.internal.runners.statements.RunAfters.evaluate(RunAfters.java:27)
            at org.junit.runners.ParentRunner.runLeaf(ParentRunner.java:325)
            at org.junit.runners.BlockJUnit4ClassRunner.runChild(BlockJUnit4ClassRunner.java:78)
            at org.junit.runners.BlockJUnit4ClassRunner.runChild(BlockJUnit4ClassRunner.java:57)
            at org.junit.runners.ParentRunner$3.run(ParentRunner.java:290)
            at org.junit.runners.ParentRunner$1.schedule(ParentRunner.java:71)
            at org.junit.runners.ParentRunner.runChildren(ParentRunner.java:288)
            at org.junit.runners.ParentRunner.access$000(ParentRunner.java:58)
            at org.junit.runners.ParentRunner$2.evaluate(ParentRunner.java:268)
            at org.junit.runners.ParentRunner.run(ParentRunner.java:363)
            at org.apache.maven.surefire.junit4.JUnit4Provider.execute(JUnit4Provider.java:252)
            at org.apache.maven.surefire.junit4.JUnit4Provider.executeTestSet(JUnit4Provider.java:141)
            at org.apache.maven.surefire.junit4.JUnit4Provider.invoke(JUnit4Provider.java:112)
            at sun.reflect.NativeMethodAccessorImpl.invoke0(Native Method)
            at sun.reflect.NativeMethodAccessorImpl.invoke(NativeMethodAccessorImpl.java:62)
            at sun.reflect.DelegatingMethodAccessorImpl.invoke(DelegatingMethodAccessorImpl.java:43)
            at java.lang.reflect.Method.invoke(Method.java:498)
            at org.apache.maven.surefire.util.ReflectionUtils.invokeMethodWithArray(ReflectionUtils.java:189)
            at org.apache.maven.surefire.booter.ProviderFactory$ProviderProxy.invoke(ProviderFactory.java:165)
            at org.apache.maven.surefire.booter.ProviderFactory.invokeProvider(ProviderFactory.java:85)
            at org.apache.maven.surefire.booter.ForkedBooter.runSuitesInProcess(ForkedBooter.java:115)
            at org.apache.maven.surefire.booter.ForkedBooter.main(ForkedBooter.java:75)
        </failure>
        <system-err>19/03/01 13:45:26 INFO ArffDataModel: Transform data to Convertor successfully!
            19/03/01 13:45:26 INFO ArffDataConvertor: Dataset: [../data/test/arfftest]
            19/03/01 13:45:26 INFO ArffDataModel: Split data to train Set and test Set successfully!
            19/03/01 13:45:26 INFO ArffDataModel: Data cardinality of training is 11
            19/03/01 13:45:26 INFO ArffDataModel: Data cardinality of testing is 4
        </system-err>
    </testcase>
    <testcase classname="net.librec.data.model.ArffDataModelTestCase" name="test03RatingRatio" time="0.037"/>
    <testcase classname="net.librec.data.model.ArffDataModelTestCase" name="test04UserRatio" time="0.022"/>
    <testcase classname="net.librec.data.model.ArffDataModelTestCase" name="test05ItemRatio" time="0.018">
        <failure type="java.lang.AssertionError">java.lang.AssertionError
            at org.junit.Assert.fail(Assert.java:86)
            at org.junit.Assert.assertTrue(Assert.java:41)
            at org.junit.Assert.assertTrue(Assert.java:52)
            at net.librec.data.model.ArffDataModelTestCase.test05ItemRatio(ArffDataModelTestCase.java:143)
            at sun.reflect.NativeMethodAccessorImpl.invoke0(Native Method)
            at sun.reflect.NativeMethodAccessorImpl.invoke(NativeMethodAccessorImpl.java:62)
            at sun.reflect.DelegatingMethodAccessorImpl.invoke(DelegatingMethodAccessorImpl.java:43)
            at java.lang.reflect.Method.invoke(Method.java:498)
            at org.junit.runners.model.FrameworkMethod$1.runReflectiveCall(FrameworkMethod.java:50)
            at org.junit.internal.runners.model.ReflectiveCallable.run(ReflectiveCallable.java:12)
            at org.junit.runners.model.FrameworkMethod.invokeExplosively(FrameworkMethod.java:47)
            at org.junit.internal.runners.statements.InvokeMethod.evaluate(InvokeMethod.java:17)
            at org.junit.internal.runners.statements.RunBefores.evaluate(RunBefores.java:26)
            at org.junit.internal.runners.statements.RunAfters.evaluate(RunAfters.java:27)
            at org.junit.runners.ParentRunner.runLeaf(ParentRunner.java:325)
            at org.junit.runners.BlockJUnit4ClassRunner.runChild(BlockJUnit4ClassRunner.java:78)
            at org.junit.runners.BlockJUnit4ClassRunner.runChild(BlockJUnit4ClassRunner.java:57)
            at org.junit.runners.ParentRunner$3.run(ParentRunner.java:290)
            at org.junit.runners.ParentRunner$1.schedule(ParentRunner.java:71)
            at org.junit.runners.ParentRunner.runChildren(ParentRunner.java:288)
            at org.junit.runners.ParentRunner.access$000(ParentRunner.java:58)
            at org.junit.runners.ParentRunner$2.evaluate(ParentRunner.java:268)
            at org.junit.runners.ParentRunner.run(ParentRunner.java:363)
            at org.apache.maven.surefire.junit4.JUnit4Provider.execute(JUnit4Provider.java:252)
            at org.apache.maven.surefire.junit4.JUnit4Provider.executeTestSet(JUnit4Provider.java:141)
            at org.apache.maven.surefire.junit4.JUnit4Provider.invoke(JUnit4Provider.java:112)
            at sun.reflect.NativeMethodAccessorImpl.invoke0(Native Method)
            at sun.reflect.NativeMethodAccessorImpl.invoke(NativeMethodAccessorImpl.java:62)
            at sun.reflect.DelegatingMethodAccessorImpl.invoke(DelegatingMethodAccessorImpl.java:43)
            at java.lang.reflect.Method.invoke(Method.java:498)
            at org.apache.maven.surefire.util.ReflectionUtils.invokeMethodWithArray(ReflectionUtils.java:189)
            at org.apache.maven.surefire.booter.ProviderFactory$ProviderProxy.invoke(ProviderFactory.java:165)
            at org.apache.maven.surefire.booter.ProviderFactory.invokeProvider(ProviderFactory.java:85)
            at org.apache.maven.surefire.booter.ForkedBooter.runSuitesInProcess(ForkedBooter.java:115)
            at org.apache.maven.surefire.booter.ForkedBooter.main(ForkedBooter.java:75)
        </failure>
        <system-err>19/03/01 13:45:26 INFO ArffDataModel: Transform data to Convertor successfully!
            19/03/01 13:45:26 INFO ArffDataConvertor: Dataset: [../data/test/hfttest/musical_instruments.arff]
            19/03/01 13:45:26 INFO ArffDataModel: Split data to train Set and test Set successfully!
            19/03/01 13:45:26 INFO ArffDataModel: Data cardinality of training is 276
            19/03/01 13:45:26 INFO ArffDataModel: Data cardinality of testing is 79
        </system-err>
    </testcase>
    <testcase classname="net.librec.data.model.ArffDataModelTestCase" name="test06ValidRatio" time="0.023">
        <failure type="java.lang.AssertionError">java.lang.AssertionError
            at org.junit.Assert.fail(Assert.java:86)
            at org.junit.Assert.assertTrue(Assert.java:41)
            at org.junit.Assert.assertTrue(Assert.java:52)
            at net.librec.data.model.ArffDataModelTestCase.test06ValidRatio(ArffDataModelTestCase.java:166)
            at sun.reflect.NativeMethodAccessorImpl.invoke0(Native Method)
            at sun.reflect.NativeMethodAccessorImpl.invoke(NativeMethodAccessorImpl.java:62)
            at sun.reflect.DelegatingMethodAccessorImpl.invoke(DelegatingMethodAccessorImpl.java:43)
            at java.lang.reflect.Method.invoke(Method.java:498)
            at org.junit.runners.model.FrameworkMethod$1.runReflectiveCall(FrameworkMethod.java:50)
            at org.junit.internal.runners.model.ReflectiveCallable.run(ReflectiveCallable.java:12)
            at org.junit.runners.model.FrameworkMethod.invokeExplosively(FrameworkMethod.java:47)
            at org.junit.internal.runners.statements.InvokeMethod.evaluate(InvokeMethod.java:17)
            at org.junit.internal.runners.statements.RunBefores.evaluate(RunBefores.java:26)
            at org.junit.internal.runners.statements.RunAfters.evaluate(RunAfters.java:27)
            at org.junit.runners.ParentRunner.runLeaf(ParentRunner.java:325)
            at org.junit.runners.BlockJUnit4ClassRunner.runChild(BlockJUnit4ClassRunner.java:78)
            at org.junit.runners.BlockJUnit4ClassRunner.runChild(BlockJUnit4ClassRunner.java:57)
            at org.junit.runners.ParentRunner$3.run(ParentRunner.java:290)
            at org.junit.runners.ParentRunner$1.schedule(ParentRunner.java:71)
            at org.junit.runners.ParentRunner.runChildren(ParentRunner.java:288)
            at org.junit.runners.ParentRunner.access$000(ParentRunner.java:58)
            at org.junit.runners.ParentRunner$2.evaluate(ParentRunner.java:268)
            at org.junit.runners.ParentRunner.run(ParentRunner.java:363)
            at org.apache.maven.surefire.junit4.JUnit4Provider.execute(JUnit4Provider.java:252)
            at org.apache.maven.surefire.junit4.JUnit4Provider.executeTestSet(JUnit4Provider.java:141)
            at org.apache.maven.surefire.junit4.JUnit4Provider.invoke(JUnit4Provider.java:112)
            at sun.reflect.NativeMethodAccessorImpl.invoke0(Native Method)
            at sun.reflect.NativeMethodAccessorImpl.invoke(NativeMethodAccessorImpl.java:62)
            at sun.reflect.DelegatingMethodAccessorImpl.invoke(DelegatingMethodAccessorImpl.java:43)
            at java.lang.reflect.Method.invoke(Method.java:498)
            at org.apache.maven.surefire.util.ReflectionUtils.invokeMethodWithArray(ReflectionUtils.java:189)
            at org.apache.maven.surefire.booter.ProviderFactory$ProviderProxy.invoke(ProviderFactory.java:165)
            at org.apache.maven.surefire.booter.ProviderFactory.invokeProvider(ProviderFactory.java:85)
            at org.apache.maven.surefire.booter.ForkedBooter.runSuitesInProcess(ForkedBooter.java:115)
            at org.apache.maven.surefire.booter.ForkedBooter.main(ForkedBooter.java:75)
        </failure>
        <system-err>19/03/01 13:45:26 INFO ArffDataModel: Transform data to Convertor successfully!
            19/03/01 13:45:26 INFO ArffDataConvertor: Dataset: [../data/test/hfttest/musical_instruments.arff]
            19/03/01 13:45:26 INFO ArffDataModel: Split data to train Set and test Set successfully!
            19/03/01 13:45:26 INFO ArffDataModel: Data cardinality of training is 187
            19/03/01 13:45:26 INFO ArffDataModel: Data cardinality of testing is 71
        </system-err>
    </testcase>
    <testcase classname="net.librec.data.model.ArffDataModelTestCase" name="test07KCV" time="0.049"/>
    <testcase classname="net.librec.data.model.ArffDataModelTestCase" name="test08LOOByUser" time="0.006"/>
    <testcase classname="net.librec.data.model.ArffDataModelTestCase" name="test09LOOByItem" time="0.008"/>
    <testcase classname="net.librec.data.model.ArffDataModelTestCase" name="test10GivenNByUser" time="0.019"/>
    <testcase classname="net.librec.data.model.ArffDataModelTestCase" name="test11GivenNByItem" time="0.002"/>
</testsuite>